<?xml version="1.0" encoding="UTF-8"?>
<!-- Generated by org.testng.reporters.JUnitReportReporter -->
<testsuite skipped="0" hostname="CHNSHL616067L" name="org.festivalmusic.band.FestivalBandPageTest" tests="4" failures="0" timestamp="20 Dec 2022 10:43:11 GMT" time="0.279" errors="0">
  <testcase name="getBandName" time="0.278" classname="org.festivalmusic.band.FestivalBandPageTest"/>
  <testcase name="bandNameCheck" time="0.001" classname="org.festivalmusic.band.FestivalBandPageTest"/>
  <testcase name="festivalNameCheck" time="0.000" classname="org.festivalmusic.band.FestivalBandPageTest"/>
  <testcase name="bandFestivalMappingCheck" time="0.000" classname="org.festivalmusic.band.FestivalBandPageTest"/>
</testsuite> <!-- org.festivalmusic.band.FestivalBandPageTest -->
